Anaconda3 2024.02
/hpc/group/rekerlab/dn123/conda/envs/molalkit/lib/python3.10/site-packages/hyperopt/atpe.py:19: UserWarning: pkg_resources is deprecated as an API. See https://setuptools.pypa.io/en/latest/pkg_resources.html. The pkg_resources package is slated for removal as early as 2025-11-30. Refrain from using this package or pin to Setuptools<81.
  import pkg_resources
  0%|          | 0/2217 [00:00<?, ?it/s] 11%|█▏        | 254/2217 [00:00<00:00, 2534.75it/s] 25%|██▍       | 549/2217 [00:00<00:00, 2777.91it/s] 37%|███▋      | 827/2217 [00:00<00:00, 2749.56it/s] 50%|█████     | 1111/2217 [00:00<00:00, 2781.41it/s] 63%|██████▎   | 1396/2217 [00:00<00:00, 2804.68it/s] 76%|███████▌  | 1677/2217 [00:00<00:00, 2786.13it/s] 88%|████████▊ | 1956/2217 [00:00<00:00, 2721.48it/s]100%|██████████| 2217/2217 [00:00<00:00, 2668.16it/s]
Total scaffolds = 1,965 | 
split 0 scaffolds = 857 | 
split 1 scaffolds = 1,108 | 
[Parallel(n_jobs=1)]: Done  49 tasks      | elapsed:    0.1s
[Parallel(n_jobs=1)]: Done 199 tasks      | elapsed:    0.3s
[Parallel(n_jobs=1)]: Done 449 tasks      | elapsed:    0.7s
[Parallel(n_jobs=1)]: Done 799 tasks      | elapsed:    1.2s
[Parallel(n_jobs=1)]: Done 1249 tasks      | elapsed:    1.8s
[Parallel(n_jobs=1)]: Done 1799 tasks      | elapsed:    2.6s
[Parallel(n_jobs=1)]: Done 2217 out of 2217 | elapsed:    3.2s finished
Start a new active learning run.
Start active learning: 
Training set size = 2
Pool set size = 1107
Validation set size = 1108
selection method: ExplorativeSelectionMethod(batch_size=20)
Forgetter: ChempropDropoutForgetter
Start an new iteration of active learning: 0.
evaluating model performance.
Model fitting time: 2.6155712604522705 seconds
evaluating model performance finished.
Training set size = 22
Pool set size = 1087
save checkpoint file ../updated_test_data/MDR1_MDCK_classification2/David_MLP/b_add20_fg100/start0_int1/ep10/max_unc/seed1/al.pkl
Start an new iteration of active learning: 1.
Training set size = 42
Pool set size = 1067
Start an new iteration of active learning: 2.
Training set size = 62
Pool set size = 1047
Start an new iteration of active learning: 3.
Training set size = 82
Pool set size = 1027
Start an new iteration of active learning: 4.
Traceback (most recent call last):
  File "/work/dn123/MolALKit/hpc_jobs/David MLP/../../molalkit_run", line 7, in <module>
    sys.exit(molalkit_run())
  File "/work/dn123/MolALKit/molalkit/al/run.py", line 44, in molalkit_run
    active_learner.run(max_iter=args.max_iter)
  File "/work/dn123/MolALKit/molalkit/al/learner.py", line 261, in run
    terminated_tag, alr = self.run_active_learning(max_iter=max_iter)
  File "/work/dn123/MolALKit/molalkit/al/learner.py", line 293, in run_active_learning
    self.forget_samples(alr) 
  File "/work/dn123/MolALKit/molalkit/al/learner.py", line 402, in forget_samples
    forget_idx, acquisition = self.forgetter(model=self.model_selector,
  File "/work/dn123/MolALKit/molalkit/al/forgetter.py", line 476, in __call__
    assert hasattr(model, "models"), "Expected MolALKit MPNN with .models"
AssertionError: Expected MolALKit MPNN with .models
