Anaconda3 2024.02
/hpc/group/rekerlab/dn123/conda/envs/molalkit/lib/python3.10/site-packages/hyperopt/atpe.py:19: UserWarning: pkg_resources is deprecated as an API. See https://setuptools.pypa.io/en/latest/pkg_resources.html. The pkg_resources package is slated for removal as early as 2025-11-30. Refrain from using this package or pin to Setuptools<81.
  import pkg_resources
  0%|          | 0/1218 [00:00<?, ?it/s] 19%|█▉        | 232/1218 [00:00<00:00, 2312.77it/s] 42%|████▏     | 506/1218 [00:00<00:00, 2562.59it/s] 63%|██████▎   | 763/1218 [00:00<00:00, 2321.89it/s] 82%|████████▏ | 998/1218 [00:00<00:00, 2172.07it/s]100%|██████████| 1218/1218 [00:00<00:00, 2257.60it/s]
Total scaffolds = 682 | 
split 0 scaffolds = 117 | 
split 1 scaffolds = 565 | 
[Parallel(n_jobs=1)]: Done  49 tasks      | elapsed:    0.1s
[Parallel(n_jobs=1)]: Done 199 tasks      | elapsed:    0.3s
[Parallel(n_jobs=1)]: Done 449 tasks      | elapsed:    0.7s
[Parallel(n_jobs=1)]: Done 799 tasks      | elapsed:    1.3s
[Parallel(n_jobs=1)]: Done 1218 out of 1218 | elapsed:    1.9s finished
Start a new active learning run.
Start active learning: 
Training set size = 2
Pool set size = 607
Validation set size = 609
selection method: ExplorativeSelectionMethod(batch_size=2)
Forgetter: MCDropoutForgetter
Start an new iteration of active learning: 0.
evaluating model performance.
evaluating model performance finished.
Training set size = 3
Pool set size = 606
Start an new iteration of active learning: 1.
Training set size = 4
Pool set size = 605
Start an new iteration of active learning: 2.
Training set size = 5
Pool set size = 604
Start an new iteration of active learning: 3.
Training set size = 6
Pool set size = 603
Start an new iteration of active learning: 4.
Training set size = 7
Pool set size = 602
Start an new iteration of active learning: 5.
Training set size = 8
Pool set size = 601
Start an new iteration of active learning: 6.
Training set size = 9
Pool set size = 600
Start an new iteration of active learning: 7.
Training set size = 10
Pool set size = 599
Start an new iteration of active learning: 8.
Training set size = 11
Pool set size = 598
Start an new iteration of active learning: 9.
Training set size = 12
Pool set size = 597
Start an new iteration of active learning: 10.
evaluating model performance.
evaluating model performance finished.
Training set size = 13
Pool set size = 596
Start an new iteration of active learning: 11.
Training set size = 14
Pool set size = 595
Start an new iteration of active learning: 12.
Training set size = 15
Pool set size = 594
Start an new iteration of active learning: 13.
Training set size = 16
Pool set size = 593
Start an new iteration of active learning: 14.
Training set size = 17
Pool set size = 592
Start an new iteration of active learning: 15.
Training set size = 18
Pool set size = 591
Start an new iteration of active learning: 16.
Training set size = 19
Pool set size = 590
Start an new iteration of active learning: 17.
Training set size = 20
Pool set size = 589
Start an new iteration of active learning: 18.
Training set size = 21
Pool set size = 588
Start an new iteration of active learning: 19.
Training set size = 22
Pool set size = 587
Start an new iteration of active learning: 20.
evaluating model performance.
evaluating model performance finished.
Training set size = 23
Pool set size = 586
Start an new iteration of active learning: 21.
Training set size = 24
Pool set size = 585
Start an new iteration of active learning: 22.
Training set size = 25
Pool set size = 584
Start an new iteration of active learning: 23.
Training set size = 26
Pool set size = 583
Start an new iteration of active learning: 24.
Training set size = 27
Pool set size = 582
Start an new iteration of active learning: 25.
Training set size = 28
Pool set size = 581
Start an new iteration of active learning: 26.
Training set size = 29
Pool set size = 580
Start an new iteration of active learning: 27.
Training set size = 30
Pool set size = 579
Start an new iteration of active learning: 28.
Training set size = 31
Pool set size = 578
Start an new iteration of active learning: 29.
Training set size = 32
Pool set size = 577
Start an new iteration of active learning: 30.
evaluating model performance.
evaluating model performance finished.
Training set size = 33
Pool set size = 576
Start an new iteration of active learning: 31.
Training set size = 34
Pool set size = 575
Start an new iteration of active learning: 32.
Training set size = 35
Pool set size = 574
Start an new iteration of active learning: 33.
Training set size = 36
Pool set size = 573
Start an new iteration of active learning: 34.
Training set size = 37
Pool set size = 572
Start an new iteration of active learning: 35.
Training set size = 38
Pool set size = 571
Start an new iteration of active learning: 36.
Training set size = 39
Pool set size = 570
Start an new iteration of active learning: 37.
Training set size = 40
Pool set size = 569
Start an new iteration of active learning: 38.
Training set size = 41
Pool set size = 568
Start an new iteration of active learning: 39.
Training set size = 42
Pool set size = 567
Start an new iteration of active learning: 40.
evaluating model performance.
evaluating model performance finished.
Training set size = 43
Pool set size = 566
Start an new iteration of active learning: 41.
Training set size = 44
Pool set size = 565
Start an new iteration of active learning: 42.
Training set size = 45
Pool set size = 564
Start an new iteration of active learning: 43.
Training set size = 46
Pool set size = 563
Start an new iteration of active learning: 44.
Training set size = 47
Pool set size = 562
Start an new iteration of active learning: 45.
Training set size = 48
Pool set size = 561
Start an new iteration of active learning: 46.
Training set size = 49
Pool set size = 560
Start an new iteration of active learning: 47.
Training set size = 50
Pool set size = 559
Start an new iteration of active learning: 48.
Training set size = 51
Pool set size = 558
Start an new iteration of active learning: 49.
Training set size = 52
Pool set size = 557
Start an new iteration of active learning: 50.
evaluating model performance.
evaluating model performance finished.
Training set size = 53
Pool set size = 556
Start an new iteration of active learning: 51.
Training set size = 54
Pool set size = 555
Start an new iteration of active learning: 52.
Training set size = 55
Pool set size = 554
Start an new iteration of active learning: 53.
Training set size = 56
Pool set size = 553
Start an new iteration of active learning: 54.
Training set size = 57
Pool set size = 552
Start an new iteration of active learning: 55.
Training set size = 58
Pool set size = 551
Start an new iteration of active learning: 56.
Training set size = 59
Pool set size = 550
Start an new iteration of active learning: 57.
Training set size = 60
Pool set size = 549
Start an new iteration of active learning: 58.
Training set size = 61
Pool set size = 548
Start an new iteration of active learning: 59.
Training set size = 62
Pool set size = 547
Start an new iteration of active learning: 60.
evaluating model performance.
evaluating model performance finished.
Training set size = 63
Pool set size = 546
Start an new iteration of active learning: 61.
Training set size = 64
Pool set size = 545
Start an new iteration of active learning: 62.
Training set size = 65
Pool set size = 544
Start an new iteration of active learning: 63.
Training set size = 66
Pool set size = 543
Start an new iteration of active learning: 64.
Training set size = 67
Pool set size = 542
Start an new iteration of active learning: 65.
Training set size = 68
Pool set size = 541
Start an new iteration of active learning: 66.
Training set size = 69
Pool set size = 540
Start an new iteration of active learning: 67.
Training set size = 70
Pool set size = 539
Start an new iteration of active learning: 68.
Training set size = 71
Pool set size = 538
Start an new iteration of active learning: 69.
Training set size = 72
Pool set size = 537
Start an new iteration of active learning: 70.
evaluating model performance.
evaluating model performance finished.
Training set size = 73
Pool set size = 536
Start an new iteration of active learning: 71.
Training set size = 74
Pool set size = 535
Start an new iteration of active learning: 72.
Training set size = 75
Pool set size = 534
Start an new iteration of active learning: 73.
Training set size = 76
Pool set size = 533
Start an new iteration of active learning: 74.
Training set size = 77
Pool set size = 532
Start an new iteration of active learning: 75.
Training set size = 78
Pool set size = 531
Start an new iteration of active learning: 76.
Training set size = 79
Pool set size = 530
Start an new iteration of active learning: 77.
Training set size = 80
Pool set size = 529
Start an new iteration of active learning: 78.
Training set size = 81
Pool set size = 528
Start an new iteration of active learning: 79.
Training set size = 82
Pool set size = 527
Start an new iteration of active learning: 80.
evaluating model performance.
evaluating model performance finished.
Training set size = 83
Pool set size = 526
Start an new iteration of active learning: 81.
Training set size = 84
Pool set size = 525
Start an new iteration of active learning: 82.
Training set size = 85
Pool set size = 524
Start an new iteration of active learning: 83.
Training set size = 86
Pool set size = 523
Start an new iteration of active learning: 84.
Training set size = 87
Pool set size = 522
Start an new iteration of active learning: 85.
Training set size = 88
Pool set size = 521
Start an new iteration of active learning: 86.
Training set size = 89
Pool set size = 520
Start an new iteration of active learning: 87.
Training set size = 90
Pool set size = 519
Start an new iteration of active learning: 88.
Training set size = 91
Pool set size = 518
Start an new iteration of active learning: 89.
Training set size = 92
Pool set size = 517
Start an new iteration of active learning: 90.
evaluating model performance.
evaluating model performance finished.
Training set size = 93
Pool set size = 516
Start an new iteration of active learning: 91.
Training set size = 94
Pool set size = 515
Start an new iteration of active learning: 92.
Training set size = 95
Pool set size = 514
Start an new iteration of active learning: 93.
Training set size = 96
Pool set size = 513
Start an new iteration of active learning: 94.
Training set size = 97
Pool set size = 512
Start an new iteration of active learning: 95.
Training set size = 98
Pool set size = 511
Start an new iteration of active learning: 96.
Training set size = 99
Pool set size = 510
Start an new iteration of active learning: 97.
Training set size = 100
Pool set size = 509
Start an new iteration of active learning: 98.
Training set size = 101
Pool set size = 508
Start an new iteration of active learning: 99.
Training set size = 102
Pool set size = 507
Start an new iteration of active learning: 100.
evaluating model performance.
evaluating model performance finished.
Training set size = 103
Pool set size = 506
Start an new iteration of active learning: 101.
Training set size = 104
Pool set size = 505
Start an new iteration of active learning: 102.
Training set size = 105
Pool set size = 504
Start an new iteration of active learning: 103.
Training set size = 106
Pool set size = 503
Start an new iteration of active learning: 104.
Training set size = 107
Pool set size = 502
Start an new iteration of active learning: 105.
Training set size = 108
Pool set size = 501
Start an new iteration of active learning: 106.
Training set size = 109
Pool set size = 500
Start an new iteration of active learning: 107.
Training set size = 110
Pool set size = 499
Start an new iteration of active learning: 108.
Training set size = 111
Pool set size = 498
Start an new iteration of active learning: 109.
Training set size = 112
Pool set size = 497
Start an new iteration of active learning: 110.
evaluating model performance.
evaluating model performance finished.
Training set size = 113
Pool set size = 496
Start an new iteration of active learning: 111.
Training set size = 114
Pool set size = 495
Start an new iteration of active learning: 112.
Training set size = 115
Pool set size = 494
Start an new iteration of active learning: 113.
Training set size = 116
Pool set size = 493
Start an new iteration of active learning: 114.
Training set size = 117
Pool set size = 492
Start an new iteration of active learning: 115.
Training set size = 118
Pool set size = 491
Start an new iteration of active learning: 116.
Training set size = 119
Pool set size = 490
Start an new iteration of active learning: 117.
Training set size = 120
Pool set size = 489
Start an new iteration of active learning: 118.
Training set size = 121
Pool set size = 488
Start an new iteration of active learning: 119.
Training set size = 122
Pool set size = 487
Start an new iteration of active learning: 120.
evaluating model performance.
evaluating model performance finished.
Training set size = 123
Pool set size = 486
Start an new iteration of active learning: 121.
Training set size = 124
Pool set size = 485
Start an new iteration of active learning: 122.
Training set size = 125
Pool set size = 484
Start an new iteration of active learning: 123.
Training set size = 126
Pool set size = 483
Start an new iteration of active learning: 124.
Training set size = 127
Pool set size = 482
Start an new iteration of active learning: 125.
Training set size = 128
Pool set size = 481
Start an new iteration of active learning: 126.
Training set size = 129
Pool set size = 480
Start an new iteration of active learning: 127.
Training set size = 130
Pool set size = 479
Start an new iteration of active learning: 128.
Training set size = 131
Pool set size = 478
Start an new iteration of active learning: 129.
Training set size = 132
Pool set size = 477
Start an new iteration of active learning: 130.
evaluating model performance.
evaluating model performance finished.
Training set size = 133
Pool set size = 476
Start an new iteration of active learning: 131.
Training set size = 134
Pool set size = 475
Start an new iteration of active learning: 132.
Training set size = 135
Pool set size = 474
Start an new iteration of active learning: 133.
Training set size = 136
Pool set size = 473
Start an new iteration of active learning: 134.
Training set size = 137
Pool set size = 472
Start an new iteration of active learning: 135.
Training set size = 138
Pool set size = 471
Start an new iteration of active learning: 136.
Training set size = 139
Pool set size = 470
Start an new iteration of active learning: 137.
Training set size = 140
Pool set size = 469
Start an new iteration of active learning: 138.
Training set size = 141
Pool set size = 468
Start an new iteration of active learning: 139.
Training set size = 142
Pool set size = 467
Start an new iteration of active learning: 140.
evaluating model performance.
evaluating model performance finished.
Training set size = 143
Pool set size = 466
Start an new iteration of active learning: 141.
Training set size = 144
Pool set size = 465
Start an new iteration of active learning: 142.
Training set size = 145
Pool set size = 464
Start an new iteration of active learning: 143.
Training set size = 146
Pool set size = 463
Start an new iteration of active learning: 144.
Training set size = 147
Pool set size = 462
Start an new iteration of active learning: 145.
Training set size = 148
Pool set size = 461
Start an new iteration of active learning: 146.
Training set size = 149
Pool set size = 460
Start an new iteration of active learning: 147.
Training set size = 150
Pool set size = 459
Start an new iteration of active learning: 148.
Training set size = 151
Pool set size = 458
Start an new iteration of active learning: 149.
Training set size = 152
Pool set size = 457
Start an new iteration of active learning: 150.
evaluating model performance.
evaluating model performance finished.
Training set size = 153
Pool set size = 456
Start an new iteration of active learning: 151.
Training set size = 154
Pool set size = 455
Start an new iteration of active learning: 152.
Training set size = 155
Pool set size = 454
Start an new iteration of active learning: 153.
Training set size = 156
Pool set size = 453
Start an new iteration of active learning: 154.
Training set size = 157
Pool set size = 452
Start an new iteration of active learning: 155.
Training set size = 158
Pool set size = 451
Start an new iteration of active learning: 156.
Training set size = 159
Pool set size = 450
Start an new iteration of active learning: 157.
Training set size = 160
Pool set size = 449
Start an new iteration of active learning: 158.
Training set size = 161
Pool set size = 448
Start an new iteration of active learning: 159.
Training set size = 162
Pool set size = 447
Start an new iteration of active learning: 160.
evaluating model performance.
evaluating model performance finished.
Training set size = 163
Pool set size = 446
Start an new iteration of active learning: 161.
Training set size = 164
Pool set size = 445
Start an new iteration of active learning: 162.
Training set size = 165
Pool set size = 444
Start an new iteration of active learning: 163.
Training set size = 166
Pool set size = 443
Start an new iteration of active learning: 164.
Training set size = 167
Pool set size = 442
Start an new iteration of active learning: 165.
Training set size = 168
Pool set size = 441
Start an new iteration of active learning: 166.
Training set size = 169
Pool set size = 440
Start an new iteration of active learning: 167.
Training set size = 170
Pool set size = 439
Start an new iteration of active learning: 168.
Training set size = 171
Pool set size = 438
Start an new iteration of active learning: 169.
Training set size = 172
Pool set size = 437
Start an new iteration of active learning: 170.
evaluating model performance.
evaluating model performance finished.
Training set size = 173
Pool set size = 436
Start an new iteration of active learning: 171.
Training set size = 174
Pool set size = 435
Start an new iteration of active learning: 172.
Training set size = 175
Pool set size = 434
Start an new iteration of active learning: 173.
Training set size = 176
Pool set size = 433
Start an new iteration of active learning: 174.
Training set size = 177
Pool set size = 432
Start an new iteration of active learning: 175.
Training set size = 178
Pool set size = 431
Start an new iteration of active learning: 176.
Training set size = 179
Pool set size = 430
Start an new iteration of active learning: 177.
Training set size = 180
Pool set size = 429
Start an new iteration of active learning: 178.
Training set size = 181
Pool set size = 428
Start an new iteration of active learning: 179.
Training set size = 182
Pool set size = 427
Start an new iteration of active learning: 180.
evaluating model performance.
evaluating model performance finished.
Training set size = 183
Pool set size = 426
Start an new iteration of active learning: 181.
Training set size = 184
Pool set size = 425
Start an new iteration of active learning: 182.
