Anaconda3 2024.02
/hpc/group/rekerlab/dn123/conda/envs/molalkit/lib/python3.10/site-packages/hyperopt/atpe.py:19: UserWarning: pkg_resources is deprecated as an API. See https://setuptools.pypa.io/en/latest/pkg_resources.html. The pkg_resources package is slated for removal as early as 2025-11-30. Refrain from using this package or pin to Setuptools<81.
  import pkg_resources
Traceback (most recent call last):
  File "/work/dn123/MolALKit/molalkit_run", line 7, in <module>
    sys.exit(molalkit_run())
  File "/work/dn123/MolALKit/molalkit/al/run.py", line 11, in molalkit_run
    args = ActiveLearningArgs().parse_args(arguments)
  File "/hpc/group/rekerlab/dn123/conda/envs/molalkit/lib/python3.10/site-packages/tap/tap.py", line 481, in parse_args
    self.process_args()
  File "/work/dn123/MolALKit/molalkit/args.py", line 719, in process_args
    super().process_args()
  File "/work/dn123/MolALKit/molalkit/args.py", line 204, in process_args
    assert len(self.pure_columns) == 1
TypeError: object of type 'NoneType' has no len()
/hpc/group/rekerlab/dn123/conda/envs/molalkit/lib/python3.10/site-packages/hyperopt/atpe.py:19: UserWarning: pkg_resources is deprecated as an API. See https://setuptools.pypa.io/en/latest/pkg_resources.html. The pkg_resources package is slated for removal as early as 2025-11-30. Refrain from using this package or pin to Setuptools<81.
  import pkg_resources
Traceback (most recent call last):
  File "/work/dn123/MolALKit/molalkit_run", line 7, in <module>
    sys.exit(molalkit_run())
  File "/work/dn123/MolALKit/molalkit/al/run.py", line 11, in molalkit_run
    args = ActiveLearningArgs().parse_args(arguments)
  File "/hpc/group/rekerlab/dn123/conda/envs/molalkit/lib/python3.10/site-packages/tap/tap.py", line 481, in parse_args
    self.process_args()
  File "/work/dn123/MolALKit/molalkit/args.py", line 719, in process_args
    super().process_args()
  File "/work/dn123/MolALKit/molalkit/args.py", line 204, in process_args
    assert len(self.pure_columns) == 1
TypeError: object of type 'NoneType' has no len()
/hpc/group/rekerlab/dn123/conda/envs/molalkit/lib/python3.10/site-packages/hyperopt/atpe.py:19: UserWarning: pkg_resources is deprecated as an API. See https://setuptools.pypa.io/en/latest/pkg_resources.html. The pkg_resources package is slated for removal as early as 2025-11-30. Refrain from using this package or pin to Setuptools<81.
  import pkg_resources
Traceback (most recent call last):
  File "/work/dn123/MolALKit/molalkit_run", line 7, in <module>
    sys.exit(molalkit_run())
  File "/work/dn123/MolALKit/molalkit/al/run.py", line 11, in molalkit_run
    args = ActiveLearningArgs().parse_args(arguments)
  File "/hpc/group/rekerlab/dn123/conda/envs/molalkit/lib/python3.10/site-packages/tap/tap.py", line 481, in parse_args
    self.process_args()
  File "/work/dn123/MolALKit/molalkit/args.py", line 719, in process_args
    super().process_args()
  File "/work/dn123/MolALKit/molalkit/args.py", line 204, in process_args
    assert len(self.pure_columns) == 1
TypeError: object of type 'NoneType' has no len()
/hpc/group/rekerlab/dn123/conda/envs/molalkit/lib/python3.10/site-packages/hyperopt/atpe.py:19: UserWarning: pkg_resources is deprecated as an API. See https://setuptools.pypa.io/en/latest/pkg_resources.html. The pkg_resources package is slated for removal as early as 2025-11-30. Refrain from using this package or pin to Setuptools<81.
  import pkg_resources
Traceback (most recent call last):
  File "/work/dn123/MolALKit/molalkit_run", line 7, in <module>
    sys.exit(molalkit_run())
  File "/work/dn123/MolALKit/molalkit/al/run.py", line 11, in molalkit_run
    args = ActiveLearningArgs().parse_args(arguments)
  File "/hpc/group/rekerlab/dn123/conda/envs/molalkit/lib/python3.10/site-packages/tap/tap.py", line 481, in parse_args
    self.process_args()
  File "/work/dn123/MolALKit/molalkit/args.py", line 719, in process_args
    super().process_args()
  File "/work/dn123/MolALKit/molalkit/args.py", line 204, in process_args
    assert len(self.pure_columns) == 1
TypeError: object of type 'NoneType' has no len()
/hpc/group/rekerlab/dn123/conda/envs/molalkit/lib/python3.10/site-packages/hyperopt/atpe.py:19: UserWarning: pkg_resources is deprecated as an API. See https://setuptools.pypa.io/en/latest/pkg_resources.html. The pkg_resources package is slated for removal as early as 2025-11-30. Refrain from using this package or pin to Setuptools<81.
  import pkg_resources
Traceback (most recent call last):
  File "/work/dn123/MolALKit/molalkit_run", line 7, in <module>
    sys.exit(molalkit_run())
  File "/work/dn123/MolALKit/molalkit/al/run.py", line 11, in molalkit_run
    args = ActiveLearningArgs().parse_args(arguments)
  File "/hpc/group/rekerlab/dn123/conda/envs/molalkit/lib/python3.10/site-packages/tap/tap.py", line 481, in parse_args
    self.process_args()
  File "/work/dn123/MolALKit/molalkit/args.py", line 719, in process_args
    super().process_args()
  File "/work/dn123/MolALKit/molalkit/args.py", line 204, in process_args
    assert len(self.pure_columns) == 1
TypeError: object of type 'NoneType' has no len()
/hpc/group/rekerlab/dn123/conda/envs/molalkit/lib/python3.10/site-packages/hyperopt/atpe.py:19: UserWarning: pkg_resources is deprecated as an API. See https://setuptools.pypa.io/en/latest/pkg_resources.html. The pkg_resources package is slated for removal as early as 2025-11-30. Refrain from using this package or pin to Setuptools<81.
  import pkg_resources
Traceback (most recent call last):
  File "/work/dn123/MolALKit/molalkit_run", line 7, in <module>
    sys.exit(molalkit_run())
  File "/work/dn123/MolALKit/molalkit/al/run.py", line 11, in molalkit_run
    args = ActiveLearningArgs().parse_args(arguments)
  File "/hpc/group/rekerlab/dn123/conda/envs/molalkit/lib/python3.10/site-packages/tap/tap.py", line 481, in parse_args
    self.process_args()
  File "/work/dn123/MolALKit/molalkit/args.py", line 719, in process_args
    super().process_args()
  File "/work/dn123/MolALKit/molalkit/args.py", line 204, in process_args
    assert len(self.pure_columns) == 1
TypeError: object of type 'NoneType' has no len()
/hpc/group/rekerlab/dn123/conda/envs/molalkit/lib/python3.10/site-packages/hyperopt/atpe.py:19: UserWarning: pkg_resources is deprecated as an API. See https://setuptools.pypa.io/en/latest/pkg_resources.html. The pkg_resources package is slated for removal as early as 2025-11-30. Refrain from using this package or pin to Setuptools<81.
  import pkg_resources
Traceback (most recent call last):
  File "/work/dn123/MolALKit/molalkit_run", line 7, in <module>
    sys.exit(molalkit_run())
  File "/work/dn123/MolALKit/molalkit/al/run.py", line 11, in molalkit_run
    args = ActiveLearningArgs().parse_args(arguments)
  File "/hpc/group/rekerlab/dn123/conda/envs/molalkit/lib/python3.10/site-packages/tap/tap.py", line 481, in parse_args
    self.process_args()
  File "/work/dn123/MolALKit/molalkit/args.py", line 719, in process_args
    super().process_args()
  File "/work/dn123/MolALKit/molalkit/args.py", line 204, in process_args
    assert len(self.pure_columns) == 1
TypeError: object of type 'NoneType' has no len()
/hpc/group/rekerlab/dn123/conda/envs/molalkit/lib/python3.10/site-packages/hyperopt/atpe.py:19: UserWarning: pkg_resources is deprecated as an API. See https://setuptools.pypa.io/en/latest/pkg_resources.html. The pkg_resources package is slated for removal as early as 2025-11-30. Refrain from using this package or pin to Setuptools<81.
  import pkg_resources
Traceback (most recent call last):
  File "/work/dn123/MolALKit/molalkit_run", line 7, in <module>
    sys.exit(molalkit_run())
  File "/work/dn123/MolALKit/molalkit/al/run.py", line 11, in molalkit_run
    args = ActiveLearningArgs().parse_args(arguments)
  File "/hpc/group/rekerlab/dn123/conda/envs/molalkit/lib/python3.10/site-packages/tap/tap.py", line 481, in parse_args
    self.process_args()
  File "/work/dn123/MolALKit/molalkit/args.py", line 719, in process_args
    super().process_args()
  File "/work/dn123/MolALKit/molalkit/args.py", line 204, in process_args
    assert len(self.pure_columns) == 1
TypeError: object of type 'NoneType' has no len()
/hpc/group/rekerlab/dn123/conda/envs/molalkit/lib/python3.10/site-packages/hyperopt/atpe.py:19: UserWarning: pkg_resources is deprecated as an API. See https://setuptools.pypa.io/en/latest/pkg_resources.html. The pkg_resources package is slated for removal as early as 2025-11-30. Refrain from using this package or pin to Setuptools<81.
  import pkg_resources
Traceback (most recent call last):
  File "/work/dn123/MolALKit/molalkit_run", line 7, in <module>
    sys.exit(molalkit_run())
  File "/work/dn123/MolALKit/molalkit/al/run.py", line 11, in molalkit_run
    args = ActiveLearningArgs().parse_args(arguments)
  File "/hpc/group/rekerlab/dn123/conda/envs/molalkit/lib/python3.10/site-packages/tap/tap.py", line 481, in parse_args
    self.process_args()
  File "/work/dn123/MolALKit/molalkit/args.py", line 719, in process_args
    super().process_args()
  File "/work/dn123/MolALKit/molalkit/args.py", line 204, in process_args
    assert len(self.pure_columns) == 1
TypeError: object of type 'NoneType' has no len()
