Anaconda3 2024.02
/hpc/group/rekerlab/dn123/conda/envs/molalkit/lib/python3.10/site-packages/hyperopt/atpe.py:19: UserWarning: pkg_resources is deprecated as an API. See https://setuptools.pypa.io/en/latest/pkg_resources.html. The pkg_resources package is slated for removal as early as 2025-11-30. Refrain from using this package or pin to Setuptools<81.
  import pkg_resources
Traceback (most recent call last):
  File "/work/dn123/MolALKit/molalkit_run", line 3, in <module>
    from molalkit.al.run import molalkit_run
  File "/work/dn123/MolALKit/molalkit/al/run.py", line 5, in <module>
    from molalkit.args import ActiveLearningArgs, ActiveLearningContinueArgs, ReEvaluateArgs
  File "/work/dn123/MolALKit/molalkit/args.py", line 19, in <module>
    from molalkit.al.forgetter import *
  File "/work/dn123/MolALKit/molalkit/al/forgetter.py", line 324, in <module>
    from chemprop.uncertainty.estimator import DropoutEstimator
ModuleNotFoundError: No module named 'chemprop.uncertainty.estimator'
/hpc/group/rekerlab/dn123/conda/envs/molalkit/lib/python3.10/site-packages/hyperopt/atpe.py:19: UserWarning: pkg_resources is deprecated as an API. See https://setuptools.pypa.io/en/latest/pkg_resources.html. The pkg_resources package is slated for removal as early as 2025-11-30. Refrain from using this package or pin to Setuptools<81.
  import pkg_resources
Traceback (most recent call last):
  File "/work/dn123/MolALKit/molalkit_run", line 3, in <module>
    from molalkit.al.run import molalkit_run
  File "/work/dn123/MolALKit/molalkit/al/run.py", line 5, in <module>
    from molalkit.args import ActiveLearningArgs, ActiveLearningContinueArgs, ReEvaluateArgs
  File "/work/dn123/MolALKit/molalkit/args.py", line 19, in <module>
    from molalkit.al.forgetter import *
  File "/work/dn123/MolALKit/molalkit/al/forgetter.py", line 324, in <module>
    from chemprop.uncertainty.estimator import DropoutEstimator
ModuleNotFoundError: No module named 'chemprop.uncertainty.estimator'
/hpc/group/rekerlab/dn123/conda/envs/molalkit/lib/python3.10/site-packages/hyperopt/atpe.py:19: UserWarning: pkg_resources is deprecated as an API. See https://setuptools.pypa.io/en/latest/pkg_resources.html. The pkg_resources package is slated for removal as early as 2025-11-30. Refrain from using this package or pin to Setuptools<81.
  import pkg_resources
Traceback (most recent call last):
  File "/work/dn123/MolALKit/molalkit_run", line 3, in <module>
    from molalkit.al.run import molalkit_run
  File "/work/dn123/MolALKit/molalkit/al/run.py", line 5, in <module>
    from molalkit.args import ActiveLearningArgs, ActiveLearningContinueArgs, ReEvaluateArgs
  File "/work/dn123/MolALKit/molalkit/args.py", line 19, in <module>
    from molalkit.al.forgetter import *
  File "/work/dn123/MolALKit/molalkit/al/forgetter.py", line 324, in <module>
    from chemprop.uncertainty.estimator import DropoutEstimator
ModuleNotFoundError: No module named 'chemprop.uncertainty.estimator'
/hpc/group/rekerlab/dn123/conda/envs/molalkit/lib/python3.10/site-packages/hyperopt/atpe.py:19: UserWarning: pkg_resources is deprecated as an API. See https://setuptools.pypa.io/en/latest/pkg_resources.html. The pkg_resources package is slated for removal as early as 2025-11-30. Refrain from using this package or pin to Setuptools<81.
  import pkg_resources
Traceback (most recent call last):
  File "/work/dn123/MolALKit/molalkit_run", line 3, in <module>
    from molalkit.al.run import molalkit_run
  File "/work/dn123/MolALKit/molalkit/al/run.py", line 5, in <module>
    from molalkit.args import ActiveLearningArgs, ActiveLearningContinueArgs, ReEvaluateArgs
  File "/work/dn123/MolALKit/molalkit/args.py", line 19, in <module>
    from molalkit.al.forgetter import *
  File "/work/dn123/MolALKit/molalkit/al/forgetter.py", line 324, in <module>
    from chemprop.uncertainty.estimator import DropoutEstimator
ModuleNotFoundError: No module named 'chemprop.uncertainty.estimator'
/hpc/group/rekerlab/dn123/conda/envs/molalkit/lib/python3.10/site-packages/hyperopt/atpe.py:19: UserWarning: pkg_resources is deprecated as an API. See https://setuptools.pypa.io/en/latest/pkg_resources.html. The pkg_resources package is slated for removal as early as 2025-11-30. Refrain from using this package or pin to Setuptools<81.
  import pkg_resources
Traceback (most recent call last):
  File "/work/dn123/MolALKit/molalkit_run", line 3, in <module>
    from molalkit.al.run import molalkit_run
  File "/work/dn123/MolALKit/molalkit/al/run.py", line 5, in <module>
    from molalkit.args import ActiveLearningArgs, ActiveLearningContinueArgs, ReEvaluateArgs
  File "/work/dn123/MolALKit/molalkit/args.py", line 19, in <module>
    from molalkit.al.forgetter import *
  File "/work/dn123/MolALKit/molalkit/al/forgetter.py", line 324, in <module>
    from chemprop.uncertainty.estimator import DropoutEstimator
ModuleNotFoundError: No module named 'chemprop.uncertainty.estimator'
/hpc/group/rekerlab/dn123/conda/envs/molalkit/lib/python3.10/site-packages/hyperopt/atpe.py:19: UserWarning: pkg_resources is deprecated as an API. See https://setuptools.pypa.io/en/latest/pkg_resources.html. The pkg_resources package is slated for removal as early as 2025-11-30. Refrain from using this package or pin to Setuptools<81.
  import pkg_resources
Traceback (most recent call last):
  File "/work/dn123/MolALKit/molalkit_run", line 3, in <module>
    from molalkit.al.run import molalkit_run
  File "/work/dn123/MolALKit/molalkit/al/run.py", line 5, in <module>
    from molalkit.args import ActiveLearningArgs, ActiveLearningContinueArgs, ReEvaluateArgs
  File "/work/dn123/MolALKit/molalkit/args.py", line 19, in <module>
    from molalkit.al.forgetter import *
  File "/work/dn123/MolALKit/molalkit/al/forgetter.py", line 324, in <module>
    from chemprop.uncertainty.estimator import DropoutEstimator
ModuleNotFoundError: No module named 'chemprop.uncertainty.estimator'
/hpc/group/rekerlab/dn123/conda/envs/molalkit/lib/python3.10/site-packages/hyperopt/atpe.py:19: UserWarning: pkg_resources is deprecated as an API. See https://setuptools.pypa.io/en/latest/pkg_resources.html. The pkg_resources package is slated for removal as early as 2025-11-30. Refrain from using this package or pin to Setuptools<81.
  import pkg_resources
Traceback (most recent call last):
  File "/work/dn123/MolALKit/molalkit_run", line 3, in <module>
    from molalkit.al.run import molalkit_run
  File "/work/dn123/MolALKit/molalkit/al/run.py", line 5, in <module>
    from molalkit.args import ActiveLearningArgs, ActiveLearningContinueArgs, ReEvaluateArgs
  File "/work/dn123/MolALKit/molalkit/args.py", line 19, in <module>
    from molalkit.al.forgetter import *
  File "/work/dn123/MolALKit/molalkit/al/forgetter.py", line 324, in <module>
    from chemprop.uncertainty.estimator import DropoutEstimator
ModuleNotFoundError: No module named 'chemprop.uncertainty.estimator'
/hpc/group/rekerlab/dn123/conda/envs/molalkit/lib/python3.10/site-packages/hyperopt/atpe.py:19: UserWarning: pkg_resources is deprecated as an API. See https://setuptools.pypa.io/en/latest/pkg_resources.html. The pkg_resources package is slated for removal as early as 2025-11-30. Refrain from using this package or pin to Setuptools<81.
  import pkg_resources
Traceback (most recent call last):
  File "/work/dn123/MolALKit/molalkit_run", line 3, in <module>
    from molalkit.al.run import molalkit_run
  File "/work/dn123/MolALKit/molalkit/al/run.py", line 5, in <module>
    from molalkit.args import ActiveLearningArgs, ActiveLearningContinueArgs, ReEvaluateArgs
  File "/work/dn123/MolALKit/molalkit/args.py", line 19, in <module>
    from molalkit.al.forgetter import *
  File "/work/dn123/MolALKit/molalkit/al/forgetter.py", line 324, in <module>
    from chemprop.uncertainty.estimator import DropoutEstimator
ModuleNotFoundError: No module named 'chemprop.uncertainty.estimator'
/hpc/group/rekerlab/dn123/conda/envs/molalkit/lib/python3.10/site-packages/hyperopt/atpe.py:19: UserWarning: pkg_resources is deprecated as an API. See https://setuptools.pypa.io/en/latest/pkg_resources.html. The pkg_resources package is slated for removal as early as 2025-11-30. Refrain from using this package or pin to Setuptools<81.
  import pkg_resources
Traceback (most recent call last):
  File "/work/dn123/MolALKit/molalkit_run", line 3, in <module>
    from molalkit.al.run import molalkit_run
  File "/work/dn123/MolALKit/molalkit/al/run.py", line 5, in <module>
    from molalkit.args import ActiveLearningArgs, ActiveLearningContinueArgs, ReEvaluateArgs
  File "/work/dn123/MolALKit/molalkit/args.py", line 19, in <module>
    from molalkit.al.forgetter import *
  File "/work/dn123/MolALKit/molalkit/al/forgetter.py", line 324, in <module>
    from chemprop.uncertainty.estimator import DropoutEstimator
ModuleNotFoundError: No module named 'chemprop.uncertainty.estimator'
