/var/spool/slurmd/job44741071/slurm_script: line 18: activate: No such file or directory
/hpc/group/rekerlab/dn123/conda/envs/molalkit_cp2/lib/python3.10/site-packages/hyperopt/atpe.py:19: UserWarning: pkg_resources is deprecated as an API. See https://setuptools.pypa.io/en/latest/pkg_resources.html. The pkg_resources package is slated for removal as early as 2025-11-30. Refrain from using this package or pin to Setuptools<81.
  import pkg_resources
Traceback (most recent call last):
  File "/work/dn123/MolALKit/molalkit_run", line 3, in <module>
    from molalkit.al.run import molalkit_run
  File "/work/dn123/MolALKit/molalkit/al/run.py", line 5, in <module>
    from molalkit.args import ActiveLearningArgs, ActiveLearningContinueArgs, ReEvaluateArgs
  File "/work/dn123/MolALKit/molalkit/args.py", line 19, in <module>
    from molalkit.al.forgetter import *
  File "/work/dn123/MolALKit/molalkit/al/forgetter.py", line 327, in <module>
    from chemprop.data import MoleculeDataLoader
  File "/hpc/group/rekerlab/dn123/conda/envs/molalkit_cp2/lib/python3.10/site-packages/chemprop/__init__.py", line 4, in <module>
    import chemprop.train
  File "/hpc/group/rekerlab/dn123/conda/envs/molalkit_cp2/lib/python3.10/site-packages/chemprop/train/__init__.py", line 5, in <module>
    from .cross_validate import chemprop_train, cross_validate, TRAIN_LOGGER_NAME
  File "/hpc/group/rekerlab/dn123/conda/envs/molalkit_cp2/lib/python3.10/site-packages/chemprop/train/cross_validate.py", line 13, in <module>
    from .run_training import run_training
  File "/hpc/group/rekerlab/dn123/conda/envs/molalkit_cp2/lib/python3.10/site-packages/chemprop/train/run_training.py", line 8, in <module>
    warnings.filterwarnings("ignore", category=np.VisibleDeprecationWarning) 
  File "/hpc/group/rekerlab/dn123/conda/envs/molalkit_cp2/lib/python3.10/site-packages/numpy/__init__.py", line 414, in __getattr__
    raise AttributeError("module {!r} has no attribute "
AttributeError: module 'numpy' has no attribute 'VisibleDeprecationWarning'
/hpc/group/rekerlab/dn123/conda/envs/molalkit_cp2/lib/python3.10/site-packages/hyperopt/atpe.py:19: UserWarning: pkg_resources is deprecated as an API. See https://setuptools.pypa.io/en/latest/pkg_resources.html. The pkg_resources package is slated for removal as early as 2025-11-30. Refrain from using this package or pin to Setuptools<81.
  import pkg_resources
Traceback (most recent call last):
  File "/work/dn123/MolALKit/molalkit_run", line 3, in <module>
    from molalkit.al.run import molalkit_run
  File "/work/dn123/MolALKit/molalkit/al/run.py", line 5, in <module>
    from molalkit.args import ActiveLearningArgs, ActiveLearningContinueArgs, ReEvaluateArgs
  File "/work/dn123/MolALKit/molalkit/args.py", line 19, in <module>
    from molalkit.al.forgetter import *
  File "/work/dn123/MolALKit/molalkit/al/forgetter.py", line 327, in <module>
    from chemprop.data import MoleculeDataLoader
  File "/hpc/group/rekerlab/dn123/conda/envs/molalkit_cp2/lib/python3.10/site-packages/chemprop/__init__.py", line 4, in <module>
    import chemprop.train
  File "/hpc/group/rekerlab/dn123/conda/envs/molalkit_cp2/lib/python3.10/site-packages/chemprop/train/__init__.py", line 5, in <module>
    from .cross_validate import chemprop_train, cross_validate, TRAIN_LOGGER_NAME
  File "/hpc/group/rekerlab/dn123/conda/envs/molalkit_cp2/lib/python3.10/site-packages/chemprop/train/cross_validate.py", line 13, in <module>
    from .run_training import run_training
  File "/hpc/group/rekerlab/dn123/conda/envs/molalkit_cp2/lib/python3.10/site-packages/chemprop/train/run_training.py", line 8, in <module>
    warnings.filterwarnings("ignore", category=np.VisibleDeprecationWarning) 
  File "/hpc/group/rekerlab/dn123/conda/envs/molalkit_cp2/lib/python3.10/site-packages/numpy/__init__.py", line 414, in __getattr__
    raise AttributeError("module {!r} has no attribute "
AttributeError: module 'numpy' has no attribute 'VisibleDeprecationWarning'
